<?xml version="1.0" encoding="UTF-8"?>
<!-- Generated by org.testng.reporters.JUnitXMLReporter -->
<testsuite ignored="0" hostname="Charulatha" failures="0" tests="3" name="DemoAnn" time="0.107" errors="0" timestamp="2025-03-22T22:55:54 IST">
  <testcase classname="com.testng.practice.Demo4Ann" name="fun1" time="0.007"/>
  <testcase classname="com.testng.practice.Demo4Ann" name="fun2" time="0.004"/>
  <testcase classname="com.testng.practice.Demo4Ann" name="fun3" time="0.003"/>
</testsuite> <!-- DemoAnn -->
