<?xml version="1.0" encoding="UTF-8"?>
<!-- Generated by org.testng.reporters.JUnitXMLReporter -->
<testsuite ignored="8" hostname="Charulatha" failures="0" tests="0" time="0.02" errors="0" timestamp="2025-03-22T22:42:21 IST">
  <testcase classname="com.testng.practice.Demo1" name="f2" time="0.0">
    <ignored/>
  </testcase> <!-- f2 -->
  <testcase classname="com.testng.practice.Demo1" name="f3" time="0.0">
    <ignored/>
  </testcase> <!-- f3 -->
  <testcase classname="com.testng.practice.Demo2" name="f4" time="0.0">
    <ignored/>
  </testcase> <!-- f4 -->
  <testcase classname="com.testng.practice.Demo2" name="f5" time="0.0">
    <ignored/>
  </testcase> <!-- f5 -->
  <testcase classname="com.testng.practice.Demo1" name="f1" time="0.0">
    <ignored/>
  </testcase> <!-- f1 -->
  <testcase classname="com.testng.practice.Demo1" name="f" time="0.0">
    <ignored/>
  </testcase> <!-- f -->
  <testcase classname="com.testng.practice.Demo2" name="f6" time="0.0">
    <ignored/>
  </testcase> <!-- f6 -->
  <testcase classname="com.testng.practice.Demo2" name="f7" time="0.0">
    <ignored/>
  </testcase> <!-- f7 -->
</testsuite>
