<?xml version="1.0" encoding="UTF-8"?>
<!-- Generated by org.testng.reporters.JUnitXMLReporter -->
<testsuite ignored="1" hostname="Charulatha" failures="0" tests="5" name="Demo3" time="0.186" errors="0" timestamp="2025-03-22T22:42:21 IST">
  <testcase classname="com.testng.practice.Demo3" name="f9" time="0.031"/>
  <testcase classname="com.testng.practice.Demo3" name="f9" time="0.002"/>
  <testcase classname="com.testng.practice.Demo3" name="f9" time="0.002"/>
  <testcase classname="com.testng.practice.Demo3" name="f10" time="0.002"/>
  <testcase classname="com.testng.practice.Demo3" name="f11" time="0.003"/>
  <testcase classname="com.testng.practice.Demo3" name="f8" time="0.0">
    <ignored/>
  </testcase> <!-- f8 -->
</testsuite> <!-- Demo3 -->
