<?xml version="1.0" encoding="UTF-8"?>
<!-- Generated by org.testng.reporters.JUnitXMLReporter -->
<testsuite ignored="1" hostname="Charulatha" failures="0" tests="3" name="Test1" time="0.386" errors="0" timestamp="2025-03-22T19:19:55 IST">
  <testcase classname="com.testng.practice.Demo2" name="f4" time="0.019"/>
  <testcase classname="com.testng.practice.Demo2" name="f5" time="0.01"/>
  <testcase classname="com.testng.practice.Demo2" name="f6" time="0.01"/>
  <testcase classname="com.testng.practice.Demo2" name="f7" time="0.0">
    <ignored/>
  </testcase> <!-- f7 -->
</testsuite> <!-- Test1 -->
