<?xml version="1.0" encoding="UTF-8"?>
<!-- Generated by org.testng.reporters.JUnitXMLReporter -->
<testsuite ignored="2" hostname="Charulatha" failures="0" tests="6" name="Test" time="0.396" errors="0" timestamp="2025-03-22T19:19:55 IST">
  <testcase classname="com.testng.practice.Demo1" name="f" time="0.02"/>
  <testcase classname="com.testng.practice.Demo1" name="f1" time="0.027"/>
  <testcase classname="com.testng.practice.Demo1" name="f2" time="0.006"/>
  <testcase classname="com.testng.practice.Demo2" name="f4" time="0.007"/>
  <testcase classname="com.testng.practice.Demo2" name="f5" time="0.005"/>
  <testcase classname="com.testng.practice.Demo2" name="f6" time="0.003"/>
  <testcase classname="com.testng.practice.Demo1" name="f3" time="0.0">
    <ignored/>
  </testcase> <!-- f3 -->
  <testcase classname="com.testng.practice.Demo2" name="f7" time="0.0">
    <ignored/>
  </testcase> <!-- f7 -->
</testsuite> <!-- Test -->
